2022-09-05 20:30:06:306 [35mhttp[39m: [35mGET /api/v1/product 200 5021 - 105.966 ms[39m
[35m[39m
2022-09-05 20:30:49:3049 [35mhttp[39m: [35mDELETE /api/v1/product/630e1e6257e846fe74e8a0db 401 62 - 2.792 ms[39m
[35m[39m
2022-09-05 20:32:42:3242 [35mhttp[39m: [35mDELETE /api/v1/product/630e1e6257e846fe74e8a0db - status: 401 - 5.564 ms[39m
[35m[39m
2022-09-05 20:39:07:397 [31merror[39m: [31mNot found products[39m
2022-09-05 20:39:07:397 [35mhttp[39m: [35mGET /api/v1/product?page=6 - status: 404 - 84.532 ms[39m
[35m[39m
2022-09-06 14:18:05:185 [35mhttp[39m: [35mGET /api/v1/product/marketplace/630e1e6257e846fe74e8a0d8 - status: 401 - 5.101 ms[39m
[35m[39m
2022-09-06 14:18:14:1814 [35mhttp[39m: [35mGET /api/v1/product/marketplace/630e1e6257e846fe74e8a0d8 - status: 200 - 75.504 ms[39m
[35m[39m
2022-09-06 14:27:14:2714 [35mhttp[39m: [35mGET /api/v1/product/marketplace/630e1e6257e846fe74e8a0d8 - status: 200 - 108.578 ms[39m
[35m[39m
2022-09-06 14:28:27:2827 [35mhttp[39m: [35mGET /api/v1/product/marketplace/630e1e6257e846fe74e8a0d8 - status: 200 - 105.670 ms[39m
[35m[39m
2022-09-07 11:57:15:5715 [35mhttp[39m: [35mGET /api/v1/product/marketplace/630e1e6157e846fe74e8a0c6 - status: 401 - 8.638 ms[39m
[35m[39m
2022-09-07 11:57:22:5722 [35mhttp[39m: [35mGET /api/v1/product/marketplace/630e1e6157e846fe74e8a0c6 - status: 401 - 4.654 ms[39m
[35m[39m
2022-09-07 11:57:24:5724 [35mhttp[39m: [35mGET /api/v1/product/marketplace/630e1e6157e846fe74e8a0c6 - status: 401 - 1.854 ms[39m
[35m[39m
2022-09-07 11:57:35:5735 [35mhttp[39m: [35mPOST /api/v1/authenticate - status: 200 - 192.526 ms[39m
[35m[39m
2022-09-07 11:57:50:5750 [35mhttp[39m: [35mGET /api/v1/product/marketplace/630e1e6157e846fe74e8a0c6 - status: 200 - 425.509 ms[39m
[35m[39m
2022-09-07 12:02:04:24 [35mhttp[39m: [35mGET /api/v1/product/marketplace/630e1e6157e846fe74e8a0c6 - status: 200 - 67.960 ms[39m
[35m[39m
2022-09-07 12:03:12:312 [35mhttp[39m: [35mGET /api/v1/product/marketplace/630e1e6157e846fe74e8a0c6 - status: 200 - 325.969 ms[39m
[35m[39m
2022-09-07 12:10:27:1027 [35mhttp[39m: [35mGET /api/v1/product/marketplace/630e1e6157e846fe74e8a0c6 - status: 200 - 84.070 ms[39m
[35m[39m
2022-09-07 12:13:37:1337 [35mhttp[39m: [35mGET /api/v1/product/marketplace/630e1e6157e846fe74e8a0c6 - status: 200 - 82.290 ms[39m
[35m[39m
2022-09-07 12:14:55:1455 [35mhttp[39m: [35mGET /api/v1/product/marketplace/630e1e6157e846fe74e8a0c6 - status: 200 - 82.407 ms[39m
[35m[39m
2022-09-07 12:17:32:1732 [35mhttp[39m: [35mGET /api/v1/product/marketplace/630e1e6157e846fe74e8a0c6 - status: 200 - 75.257 ms[39m
[35m[39m
2022-09-07 12:38:53:3853 [35mhttp[39m: [35mPOST /api/v1/product/csv - status: 401 - 5.878 ms[39m
[35m[39m
2022-09-07 12:38:59:3859 [35mhttp[39m: [35mPOST /api/v1/product/csv - status: 400 - 4.488 ms[39m
[35m[39m
2022-09-07 12:39:38:3938 [35mhttp[39m: [35mPOST /api/v1/product/csv - status: 201 - 1131.611 ms[39m
[35m[39m
2022-09-10 09:23:59:2359 [35mhttp[39m: [35mGET /api/v1/product/marketplace/630e1e6157e846fe74e8a0c6 - status: 401 - 5.665 ms[39m
[35m[39m
2022-09-10 09:24:08:248 [35mhttp[39m: [35mPOST /api/v1/authenticate - status: 200 - 175.079 ms[39m
[35m[39m
2022-09-10 09:24:18:2418 [35mhttp[39m: [35mGET /api/v1/product/marketplace/630e1e6157e846fe74e8a0c6 - status: 200 - 62.103 ms[39m
[35m[39m
2022-09-10 09:33:25:3325 [35mhttp[39m: [35mGET /api/v1/product/marketplace/630e1e6157e846fe74e8a0c6 - status: 200 - 70.908 ms[39m
[35m[39m
2022-09-10 12:20:23:2023 [35mhttp[39m: [35mGET /api/v1/product/marketplace/630e1e6157e846fe74e8a0c6 - status: 200 - 79.571 ms[39m
[35m[39m
2022-09-10 12:20:25:2025 [35mhttp[39m: [35mGET /api/v1/product/marketplace/630e1e6157e846fe74e8a0c6 - status: 200 - 48.217 ms[39m
[35m[39m
2022-09-10 12:20:27:2027 [35mhttp[39m: [35mGET /api/v1/product/marketplace/630e1e6157e846fe74e8a0c6 - status: 200 - 44.799 ms[39m
[35m[39m
2022-09-10 12:20:27:2027 [35mhttp[39m: [35mGET /api/v1/product/marketplace/630e1e6157e846fe74e8a0c6 - status: 200 - 43.291 ms[39m
[35m[39m
2022-09-10 12:24:34:2434 [35mhttp[39m: [35mGET /api/v1/product/marketplace/630e1e6157e846fe74e8a0c6 - status: 200 - 71.669 ms[39m
[35m[39m
2022-09-10 12:24:35:2435 [35mhttp[39m: [35mGET /api/v1/product/marketplace/630e1e6157e846fe74e8a0c6 - status: 200 - 49.233 ms[39m
[35m[39m
2022-09-10 12:24:36:2436 [35mhttp[39m: [35mGET /api/v1/product/marketplace/630e1e6157e846fe74e8a0c6 - status: 200 - 40.528 ms[39m
[35m[39m
2022-09-12 10:07:15:715 [35mhttp[39m: [35mGET /api/v1/product/marketplace/630e1e6157e846fe74e8a0c6 - status: 401 - 8.159 ms[39m
[35m[39m
2022-09-12 10:07:22:722 [35mhttp[39m: [35mPOST /api/v1/authenticate - status: 200 - 186.535 ms[39m
[35m[39m
2022-09-12 10:07:29:729 [35mhttp[39m: [35mGET /api/v1/product/marketplace/630e1e6157e846fe74e8a0c6 - status: 200 - 64.592 ms[39m
[35m[39m
2022-09-12 10:13:55:1355 [35mhttp[39m: [35mGET /api/v1/product/marketplace/630e1e6157e846fe74e8a0c6 - status: 200 - 99.499 ms[39m
[35m[39m
2022-09-12 10:19:12:1912 [35mhttp[39m: [35mGET /api/v1/product/marketplace/630e1e6157e846fe74e8a0c6 - status: 200 - 96.200 ms[39m
[35m[39m
2022-09-12 10:31:09:319 [35mhttp[39m: [35mGET /api/v1/product/marketplace/630e1e6157e846fe74e8a0c6 - status: 200 - 728.240 ms[39m
[35m[39m
2022-09-12 10:51:43:5143 [35mhttp[39m: [35mGET /api/v1/product/marketplace/630e1e6157e846fe74e8a0c6 - status: 200 - 87.139 ms[39m
[35m[39m
2022-09-12 11:37:58:3758 [35mhttp[39m: [35mGET /api/v1/product/marketplace/630e1e6157e846fe74e8a0c6 - status: 200 - 72.453 ms[39m
[35m[39m
2022-09-12 11:38:27:3827 [35mhttp[39m: [35mGET /api/v1/product/marketplace/630e1e6157e846fe74e8a0c6 - status: 200 - 78.868 ms[39m
[35m[39m
2022-09-12 11:38:28:3828 [35mhttp[39m: [35mGET /api/v1/product/marketplace/630e1e6157e846fe74e8a0c6 - status: 200 - 48.337 ms[39m
[35m[39m
2022-09-12 11:38:31:3831 [35mhttp[39m: [35mGET /api/v1/product/marketplace/630e1e6157e846fe74e8a0c6 - status: 200 - 44.442 ms[39m
[35m[39m
2022-09-12 11:38:32:3832 [35mhttp[39m: [35mGET /api/v1/product/marketplace/630e1e6157e846fe74e8a0c6 - status: 200 - 42.985 ms[39m
[35m[39m
2022-09-12 12:18:39:1839 [35mhttp[39m: [35mGET /api/v1/product/marketplace/630e1e6157e846fe74e8a0c6 - status: 200 - 356.714 ms[39m
[35m[39m
2022-09-12 12:22:10:2210 [35mhttp[39m: [35mGET /api/v1/product/marketplace/630e1e6157e846fe74e8a0c6 - status: 200 - 78.487 ms[39m
[35m[39m
2022-09-12 12:22:42:2242 [35mhttp[39m: [35mGET /api/v1/product/marketplace/630e1e6157e846fe74e8a0c6 - status: 200 - 89.310 ms[39m
[35m[39m
2022-09-12 12:24:10:2410 [35mhttp[39m: [35mGET /api/v1/product/marketplace/630e1e6157e846fe74e8a0c6 - status: 200 - 126.490 ms[39m
[35m[39m
2022-09-12 12:29:58:2958 [35mhttp[39m: [35mGET /api/v1/product/marketplace/630e1e6157e846fe74e8a0c6 - status: 200 - 87.165 ms[39m
[35m[39m
2022-09-12 12:30:01:301 [35mhttp[39m: [35mGET /api/v1/product/marketplace/630e1e6157e846fe74e8a0c6 - status: 200 - 55.687 ms[39m
[35m[39m
2022-09-12 12:42:39:4239 [35mhttp[39m: [35mGET /api/v1/product/marketplace/630e1e6157e846fe74e8a0c6 - status: 500 - 70.900 ms[39m
[35m[39m
2022-09-12 12:42:41:4241 [35mhttp[39m: [35mGET /api/v1/product/marketplace/630e1e6157e846fe74e8a0c6 - status: 500 - 44.898 ms[39m
[35m[39m
2022-09-12 12:42:57:4257 [35mhttp[39m: [35mGET /api/v1/product/marketplace/630e1e6157e846fe74e8a0c6 - status: 200 - 112.616 ms[39m
[35m[39m
2022-09-12 12:46:14:4614 [35mhttp[39m: [35mGET /api/v1/product/marketplace/630e1e6157e846fe74e8a0c6 - status: 200 - 105.453 ms[39m
[35m[39m
2022-09-12 12:46:16:4616 [35mhttp[39m: [35mGET /api/v1/product/marketplace/630e1e6157e846fe74e8a0c6 - status: 200 - 82.198 ms[39m
[35m[39m
2022-09-12 12:46:16:4616 [35mhttp[39m: [35mGET /api/v1/product/marketplace/630e1e6157e846fe74e8a0c6 - status: 200 - 76.012 ms[39m
[35m[39m
2022-09-12 12:46:17:4617 [35mhttp[39m: [35mGET /api/v1/product/marketplace/630e1e6157e846fe74e8a0c6 - status: 200 - 78.802 ms[39m
[35m[39m
2022-09-12 12:46:46:4646 [35mhttp[39m: [35mGET /api/v1/product/marketplace/630e1e6157e846fe74e8a0c6 - status: 500 - 70.468 ms[39m
[35m[39m
2022-09-12 12:46:48:4648 [35mhttp[39m: [35mGET /api/v1/product/marketplace/630e1e6157e846fe74e8a0c6 - status: 500 - 51.755 ms[39m
[35m[39m
2022-09-12 12:47:49:4749 [35mhttp[39m: [35mGET /api/v1/product/marketplace/630e1e6157e846fe74e8a0c6 - status: 200 - 117.258 ms[39m
[35m[39m
2022-09-12 12:48:22:4822 [35mhttp[39m: [35mGET /api/v1/product/marketplace/630e1e6157e846fe74e8a0c6 - status: 200 - 250.224 ms[39m
[35m[39m
2022-09-12 13:18:37:1837 [35mhttp[39m: [35mGET /api/v1/product/marketplace/630e1e6157e846fe74e8a0c6 - status: 200 - 116.256 ms[39m
[35m[39m
2022-09-12 13:18:39:1839 [35mhttp[39m: [35mGET /api/v1/product/marketplace/630e1e6157e846fe74e8a0c6 - status: 200 - 85.666 ms[39m
[35m[39m
2022-09-12 13:18:42:1842 [35mhttp[39m: [35mGET /api/v1/product - status: 401 - 0.881 ms[39m
[35m[39m
